<?xml version="1.0" encoding="UTF-8"?>
<!-- Generated by org.testng.reporters.JUnitReportReporter -->
<testsuite hostname="IN-00210975" name="com.crm.qa.testcases.LoginPageTest" tests="3" failures="0" timestamp="14 May 2020 11:54:34 GMT" time="47.036" errors="0">
  <testcase name="validateCRMImageTest" time="11.169" classname="com.crm.qa.testcases.LoginPageTest"/>
  <testcase name="loginPageTitleTest" time="12.650" classname="com.crm.qa.testcases.LoginPageTest"/>
  <testcase name="loginTest" time="23.217" classname="com.crm.qa.testcases.LoginPageTest"/>
</testsuite> <!-- com.crm.qa.testcases.LoginPageTest -->
